06-Oct-25 12:51:44 - salary            0
count             0
city              0
date_extracted    0
dtype: int64
06-Oct-25 12:51:44 - salary            0
count             0
city              0
date_extracted    0
dtype: int64
06-Oct-25 12:51:44 - salary            0
count             0
city              0
date_extracted    0
dtype: int64
07-Oct-25 12:36:36 - salary            0
count             0
city              0
date_extracted    0
dtype: int64
07-Oct-25 12:36:36 - salary            0
count             0
city              0
date_extracted    0
dtype: int64
07-Oct-25 12:36:36 - salary            0
count             0
city              0
date_extracted    0
dtype: int64
08-Oct-25 10:02:39 - salary            0
count             0
city              0
date_extracted    0
dtype: int64
08-Oct-25 10:02:39 - salary            0
count             0
city              0
date_extracted    0
dtype: int64
08-Oct-25 10:02:39 - salary            0
count             0
city              0
date_extracted    0
dtype: int64
09-Oct-25 10:03:20 - salary            0
count             0
city              0
date_extracted    0
dtype: int64
09-Oct-25 10:03:20 - salary            0
count             0
city              0
date_extracted    0
dtype: int64
09-Oct-25 10:03:20 - salary            0
count             0
city              0
date_extracted    0
dtype: int64
10-Oct-25 10:04:12 - salary            0
count             0
city              0
date_extracted    0
dtype: int64
10-Oct-25 10:04:12 - salary            0
count             0
city              0
date_extracted    0
dtype: int64
10-Oct-25 10:04:12 - salary            0
count             0
city              0
date_extracted    0
dtype: int64
11-Oct-25 10:17:22 - salary            0
count             0
city              0
date_extracted    0
dtype: int64
11-Oct-25 10:17:22 - salary            0
count             0
city              0
date_extracted    0
dtype: int64
11-Oct-25 10:17:22 - salary            0
count             0
city              0
date_extracted    0
dtype: int64
14-Oct-25 19:12:23 - salary            0
count             0
city              0
date_extracted    0
dtype: int64
14-Oct-25 19:12:23 - salary            0
count             0
city              0
date_extracted    0
dtype: int64
14-Oct-25 19:12:23 - salary            0
count             0
city              0
date_extracted    0
dtype: int64
15-Oct-25 10:00:25 - salary            0
count             0
city              0
date_extracted    0
dtype: int64
15-Oct-25 10:00:25 - salary            0
count             0
city              0
date_extracted    0
dtype: int64
15-Oct-25 10:00:25 - salary            0
count             0
city              0
date_extracted    0
dtype: int64
16-Oct-25 10:02:24 - salary            0
count             0
city              0
date_extracted    0
dtype: int64
16-Oct-25 10:02:24 - salary            0
count             0
city              0
date_extracted    0
dtype: int64
16-Oct-25 10:02:24 - salary            0
count             0
city              0
date_extracted    0
dtype: int64
17-Oct-25 12:37:23 - salary            0
count             0
city              0
date_extracted    0
dtype: int64
17-Oct-25 12:37:23 - salary            0
count             0
city              0
date_extracted    0
dtype: int64
17-Oct-25 12:37:23 - salary            0
count             0
city              0
date_extracted    0
dtype: int64
